2025-08-12 23:46:06 [ERROR]: uncaughtException: write EPIPE
Error: write EPIPE
    at afterWriteDispatched (node:internal/stream_base_commons:159:15)
    at writeGeneric (node:internal/stream_base_commons:150:3)
    at Socket._writeGeneric (node:net:966:11)
    at Socket._write (node:net:978:8)
    at writeOrBuffer (node:internal/streams/writable:570:12)
    at _write (node:internal/streams/writable:499:10)
    at Writable.write (node:internal/streams/writable:508:10)
    at Console.log (/Users/andreavictorialopezpalomeque/Documents/personal-projects/cruzar-deportes/scraper/node_modules/winston/lib/winston/transports/console.js:87:23)
    at Console._write (/Users/andreavictorialopezpalomeque/Documents/personal-projects/cruzar-deportes/scraper/node_modules/winston-transport/modern.js:103:17)
    at doWrite (/Users/andreavictorialopezpalomeque/Documents/personal-projects/cruzar-deportes/scraper/node_modules/readable-stream/lib/_stream_writable.js:390:139)
Error: write EPIPE
    at afterWriteDispatched (node:internal/stream_base_commons:159:15)
    at writeGeneric (node:internal/stream_base_commons:150:3)
    at Socket._writeGeneric (node:net:966:11)
    at Socket._write (node:net:978:8)
    at writeOrBuffer (node:internal/streams/writable:570:12)
    at _write (node:internal/streams/writable:499:10)
    at Writable.write (node:internal/streams/writable:508:10)
    at Console.log (/Users/andreavictorialopezpalomeque/Documents/personal-projects/cruzar-deportes/scraper/node_modules/winston/lib/winston/transports/console.js:87:23)
    at Console._write (/Users/andreavictorialopezpalomeque/Documents/personal-projects/cruzar-deportes/scraper/node_modules/winston-transport/modern.js:103:17)
    at doWrite (/Users/andreavictorialopezpalomeque/Documents/personal-projects/cruzar-deportes/scraper/node_modules/readable-stream/lib/_stream_writable.js:390:139)
